{"level":"info","message":"POST /api/auth/register","timestamp":"2025-11-23 22:57:51"}
{"level":"info","message":"User created: 1","timestamp":"2025-11-23 22:57:51"}
{"level":"info","message":"POST /api/auth/login","timestamp":"2025-11-23 23:04:48"}
{"level":"error","message":"Error occured Invalid credentials","stack":"Error: Invalid credentials\n    at login (D:\\code\\ExpressJs\\latihan_todo1\\src\\services\\auth.service.ts:33:15)\n    at async loginController (D:\\code\\ExpressJs\\latihan_todo1\\src\\controllers\\auth.controller.ts:13:27)","timestamp":"2025-11-23 23:04:48"}
{"level":"info","message":"POST /api/auth/login","timestamp":"2025-11-23 23:05:29"}
{"level":"error","message":"Error occured Invalid credentials","stack":"Error: Invalid credentials\n    at login (D:\\code\\ExpressJs\\latihan_todo1\\src\\services\\auth.service.ts:33:15)\n    at async loginController (D:\\code\\ExpressJs\\latihan_todo1\\src\\controllers\\auth.controller.ts:13:27)","timestamp":"2025-11-23 23:05:29"}
{"level":"info","message":"POST /api/auth/login","timestamp":"2025-11-23 23:06:32"}
{"level":"error","message":"Error occured Invalid credentials","stack":"Error: Invalid credentials\n    at login (D:\\code\\ExpressJs\\latihan_todo1\\src\\services\\auth.service.ts:28:11)\n    at async loginController (D:\\code\\ExpressJs\\latihan_todo1\\src\\controllers\\auth.controller.ts:13:27)","timestamp":"2025-11-23 23:06:32"}
{"level":"info","message":"POST /api/auth/login","timestamp":"2025-11-23 23:27:38"}
{"level":"error","message":"Error occured Invalid credentials","stack":"Error: Invalid credentials\n    at login (D:\\code\\ExpressJs\\latihan_todo1\\src\\services\\auth.service.ts:28:11)\n    at async loginController (D:\\code\\ExpressJs\\latihan_todo1\\src\\controllers\\auth.controller.ts:13:27)","timestamp":"2025-11-23 23:27:38"}
{"level":"info","message":"POST /api/auth/login","timestamp":"2025-11-23 23:32:57"}
{"level":"info","message":"POST /api/auth/register","timestamp":"2025-11-23 23:35:43"}
{"level":"info","message":"User registered: 2","timestamp":"2025-11-23 23:35:43"}
{"level":"info","message":"POST /api/auth/login","timestamp":"2025-11-23 23:35:53"}
{"level":"info","message":"User logged in: 2","timestamp":"2025-11-23 23:35:53"}
{"level":"info","message":"PATCH /api/users/2","timestamp":"2025-11-24 00:12:49"}
{"level":"info","message":"User updated: 2","timestamp":"2025-11-24 00:12:50"}
{"level":"info","message":"PATCH /api/users/2","timestamp":"2025-11-24 00:13:14"}
{"body":"{\r\n  \"title\": \"Buy groceries\",\r\n  \"description\": \"Milk and eggs\",\r\n  \"priority\": \"HIGH\",\r\n  \"start_date\": \"2025-11-22T00:00:00Z\",\r\n  \"due_date\": \"2025-11-25T00:00:00Z\",\r\n}","expose":true,"level":"error","message":"Error occured Expected double-quoted property name in JSON at position 170 (line 7 column 1)","stack":"SyntaxError: Expected double-quoted property name in JSON at position 170 (line 7 column 1)\n    at JSON.parse (<anonymous>)\n    at parse (D:\\code\\ExpressJs\\latihan_todo1\\node_modules\\body-parser\\lib\\types\\json.js:77:19)\n    at D:\\code\\ExpressJs\\latihan_todo1\\node_modules\\body-parser\\lib\\read.js:123:18\n    at AsyncResource.runInAsyncScope (node:async_hooks:214:14)\n    at invokeCallback (D:\\code\\ExpressJs\\latihan_todo1\\node_modules\\raw-body\\index.js:238:16)\n    at done (D:\\code\\ExpressJs\\latihan_todo1\\node_modules\\raw-body\\index.js:227:7)\n    at IncomingMessage.onEnd (D:\\code\\ExpressJs\\latihan_todo1\\node_modules\\raw-body\\index.js:287:7)\n    at IncomingMessage.emit (node:events:519:28)\n    at endReadableNT (node:internal/streams/readable:1698:12)\n    at process.processTicksAndRejections (node:internal/process/task_queues:90:21)","status":400,"statusCode":400,"timestamp":"2025-11-24 00:29:16","type":"entity.parse.failed"}
{"level":"info","message":"POST /api/tasks","timestamp":"2025-11-24 00:29:53"}
{"level":"error","message":"[\n  {\n    \"expected\": \"number\",\n    \"code\": \"invalid_type\",\n    \"path\": [\n      \"folderId\"\n    ],\n    \"message\": \"Invalid input: expected number, received string\"\n  }\n]","name":"ZodError","stack":"ZodError: [\n  {\n    \"expected\": \"number\",\n    \"code\": \"invalid_type\",\n    \"path\": [\n      \"folderId\"\n    ],\n    \"message\": \"Invalid input: expected number, received string\"\n  }\n]\n    at createController (D:\\code\\ExpressJs\\latihan_todo1\\src\\controllers\\task.controller.ts:13:35)\n    at Layer.handleRequest (D:\\code\\ExpressJs\\latihan_todo1\\node_modules\\router\\lib\\layer.js:152:17)\n    at next (D:\\code\\ExpressJs\\latihan_todo1\\node_modules\\router\\lib\\route.js:157:13)\n    at Route.dispatch (D:\\code\\ExpressJs\\latihan_todo1\\node_modules\\router\\lib\\route.js:117:3)\n    at handle (D:\\code\\ExpressJs\\latihan_todo1\\node_modules\\router\\index.js:435:11)\n    at Layer.handleRequest (D:\\code\\ExpressJs\\latihan_todo1\\node_modules\\router\\lib\\layer.js:152:17)\n    at D:\\code\\ExpressJs\\latihan_todo1\\node_modules\\router\\index.js:295:15\n    at processParams (D:\\code\\ExpressJs\\latihan_todo1\\node_modules\\router\\index.js:582:12)\n    at next (D:\\code\\ExpressJs\\latihan_todo1\\node_modules\\router\\index.js:291:5)\n    at authMiddleware (D:\\code\\ExpressJs\\latihan_todo1\\src\\middlewares\\auth.middleware.ts:15:9)","timestamp":"2025-11-24 00:29:53"}
{"level":"info","message":"POST /api/folders","timestamp":"2025-11-24 00:32:14"}
{"level":"info","message":"Folder created: 1","timestamp":"2025-11-24 00:32:15"}
{"level":"info","message":"POST /api/tasks","timestamp":"2025-11-24 00:32:55"}
{"level":"info","message":"Task created: 1","timestamp":"2025-11-24 00:32:56"}
{"level":"info","message":"GET /api/tasks?priority=HIGH&complete=false&folderId=1","timestamp":"2025-11-24 00:48:40"}
{"level":"error","message":"jwt expired","timestamp":"2025-11-24 00:48:40"}
{"level":"info","message":"GET /api/tasks?priority=HIGH&complete=false&folderId=1","timestamp":"2025-11-24 00:49:59"}
{"level":"error","message":"jwt expired","timestamp":"2025-11-24 00:49:59"}
{"level":"info","message":"POST /api/tasks","timestamp":"2025-11-24 00:50:31"}
{"level":"error","message":"jwt expired","timestamp":"2025-11-24 00:50:31"}
{"level":"info","message":"POST /api/auth/login","timestamp":"2025-11-24 00:51:09"}
{"level":"info","message":"POST /api/auth/login","timestamp":"2025-11-24 00:51:49"}
{"level":"info","message":"User logged in: 2","timestamp":"2025-11-24 00:51:49"}
{"level":"info","message":"GET /api/tasks?priority=HIGH&complete=false&folderId=1","timestamp":"2025-11-24 00:52:15"}
{"level":"info","message":"PUT /api/tasks/1","timestamp":"2025-11-24 00:52:55"}
{"level":"info","message":"Task updated: 1","timestamp":"2025-11-24 00:52:55"}
{"level":"info","message":"DELETE /api/tasks/1","timestamp":"2025-11-24 00:53:12"}
{"level":"info","message":"Task deleted: 1","timestamp":"2025-11-24 00:53:12"}
{"level":"info","message":"GET /api/folders","timestamp":"2025-11-24 00:55:31"}
{"level":"info","message":"GET /api/folders/1/tasks","timestamp":"2025-11-24 00:56:06"}
{"level":"info","message":"POST /api/tasks","timestamp":"2025-11-24 00:56:16"}
{"level":"info","message":"Task created: 2","timestamp":"2025-11-24 00:56:16"}
{"level":"info","message":"GET /api/folders/1/tasks","timestamp":"2025-11-24 00:56:22"}
{"level":"info","message":"POST /api/auth/register","timestamp":"2025-11-24 00:57:06"}
{"level":"info","message":"User registered: 3","timestamp":"2025-11-24 00:57:07"}
{"level":"info","message":"GET /api/folders/search-users?query=nazmi","timestamp":"2025-11-24 00:58:18"}
{"level":"info","message":"POST /api/folders/1/share","timestamp":"2025-11-24 01:00:10"}
{"level":"info","message":"Folder shared: 1 to 3","timestamp":"2025-11-24 01:00:10"}
{"level":"info","message":"DELETE /api/folders/1/share/3","timestamp":"2025-11-24 01:00:45"}
{"level":"info","message":"Share removed: 1 from 3","timestamp":"2025-11-24 01:00:45"}
{"level":"info","message":"POST /api/auth/login","timestamp":"2025-11-27 07:33:16"}
{"level":"info","message":"User logged in: 8","timestamp":"2025-11-27 07:33:16"}
{"level":"info","message":"POST /api/tasks","timestamp":"2025-11-27 07:33:51"}
{"level":"info","message":"Task created: 3","timestamp":"2025-11-27 07:33:51"}
{"level":"info","message":"POST /api/auth/login","timestamp":"2025-11-28 05:35:58"}
{"level":"info","message":"User logged in: 11","timestamp":"2025-11-28 05:35:58"}
{"level":"info","message":"GET /api/tasks","timestamp":"2025-11-28 05:35:59"}
{"level":"info","message":"GET /api/tasks","timestamp":"2025-11-28 05:36:10"}
{"level":"info","message":"GET /api/tasks","timestamp":"2025-11-28 05:36:16"}
{"level":"info","message":"GET /api/tasks","timestamp":"2025-11-28 05:36:24"}
{"level":"info","message":"GET /api/tasks","timestamp":"2025-11-28 05:58:15"}
{"level":"info","message":"GET /api/tasks","timestamp":"2025-11-28 09:24:33"}
{"level":"info","message":"GET /api/tasks","timestamp":"2025-11-28 09:42:36"}
{"level":"info","message":"GET /api/tasks","timestamp":"2025-11-28 09:43:01"}
{"level":"info","message":"GET /api/folders","timestamp":"2025-11-28 09:43:03"}
{"level":"info","message":"POST /api/tasks","timestamp":"2025-11-28 09:48:05"}
{"level":"error","message":"[\n  {\n    \"origin\": \"string\",\n    \"code\": \"too_small\",\n    \"minimum\": 3,\n    \"inclusive\": true,\n    \"path\": [\n      \"description\"\n    ],\n    \"message\": \"Description must be at least 3 characters\"\n  }\n]","name":"ZodError","stack":"ZodError: [\n  {\n    \"origin\": \"string\",\n    \"code\": \"too_small\",\n    \"minimum\": 3,\n    \"inclusive\": true,\n    \"path\": [\n      \"description\"\n    ],\n    \"message\": \"Description must be at least 3 characters\"\n  }\n]\n    at createController (D:\\code\\ExpressJs\\latihan_todo1 - Copy\\src\\controllers\\task.controller.ts:13:35)\n    at Layer.handleRequest (D:\\code\\ExpressJs\\latihan_todo1 - Copy\\node_modules\\router\\lib\\layer.js:152:17)\n    at next (D:\\code\\ExpressJs\\latihan_todo1 - Copy\\node_modules\\router\\lib\\route.js:157:13)\n    at Route.dispatch (D:\\code\\ExpressJs\\latihan_todo1 - Copy\\node_modules\\router\\lib\\route.js:117:3)\n    at handle (D:\\code\\ExpressJs\\latihan_todo1 - Copy\\node_modules\\router\\index.js:435:11)\n    at Layer.handleRequest (D:\\code\\ExpressJs\\latihan_todo1 - Copy\\node_modules\\router\\lib\\layer.js:152:17)\n    at D:\\code\\ExpressJs\\latihan_todo1 - Copy\\node_modules\\router\\index.js:295:15\n    at processParams (D:\\code\\ExpressJs\\latihan_todo1 - Copy\\node_modules\\router\\index.js:582:12)\n    at next (D:\\code\\ExpressJs\\latihan_todo1 - Copy\\node_modules\\router\\index.js:291:5)\n    at authMiddleware (D:\\code\\ExpressJs\\latihan_todo1 - Copy\\src\\middlewares\\auth.middleware.ts:15:9)","timestamp":"2025-11-28 09:48:05"}
{"level":"info","message":"POST /api/tasks","timestamp":"2025-11-28 09:48:17"}
{"level":"error","message":"[\n  {\n    \"origin\": \"string\",\n    \"code\": \"too_small\",\n    \"minimum\": 3,\n    \"inclusive\": true,\n    \"path\": [\n      \"description\"\n    ],\n    \"message\": \"Description must be at least 3 characters\"\n  }\n]","name":"ZodError","stack":"ZodError: [\n  {\n    \"origin\": \"string\",\n    \"code\": \"too_small\",\n    \"minimum\": 3,\n    \"inclusive\": true,\n    \"path\": [\n      \"description\"\n    ],\n    \"message\": \"Description must be at least 3 characters\"\n  }\n]\n    at createController (D:\\code\\ExpressJs\\latihan_todo1 - Copy\\src\\controllers\\task.controller.ts:13:35)\n    at Layer.handleRequest (D:\\code\\ExpressJs\\latihan_todo1 - Copy\\node_modules\\router\\lib\\layer.js:152:17)\n    at next (D:\\code\\ExpressJs\\latihan_todo1 - Copy\\node_modules\\router\\lib\\route.js:157:13)\n    at Route.dispatch (D:\\code\\ExpressJs\\latihan_todo1 - Copy\\node_modules\\router\\lib\\route.js:117:3)\n    at handle (D:\\code\\ExpressJs\\latihan_todo1 - Copy\\node_modules\\router\\index.js:435:11)\n    at Layer.handleRequest (D:\\code\\ExpressJs\\latihan_todo1 - Copy\\node_modules\\router\\lib\\layer.js:152:17)\n    at D:\\code\\ExpressJs\\latihan_todo1 - Copy\\node_modules\\router\\index.js:295:15\n    at processParams (D:\\code\\ExpressJs\\latihan_todo1 - Copy\\node_modules\\router\\index.js:582:12)\n    at next (D:\\code\\ExpressJs\\latihan_todo1 - Copy\\node_modules\\router\\index.js:291:5)\n    at authMiddleware (D:\\code\\ExpressJs\\latihan_todo1 - Copy\\src\\middlewares\\auth.middleware.ts:15:9)","timestamp":"2025-11-28 09:48:17"}
{"level":"info","message":"GET /api/tasks","timestamp":"2025-11-28 09:56:50"}
{"level":"info","message":"GET /api/folders","timestamp":"2025-11-28 09:56:52"}
{"level":"info","message":"POST /api/tasks","timestamp":"2025-11-28 09:57:02"}
{"level":"info","message":"Task created: 4","timestamp":"2025-11-28 09:57:02"}
{"level":"info","message":"GET /api/folders","timestamp":"2025-11-28 10:03:09"}
{"level":"info","message":"POST /api/tasks","timestamp":"2025-11-28 10:03:22"}
{"level":"info","message":"Task created: 5","timestamp":"2025-11-28 10:03:22"}
{"level":"info","message":"PUT /api/tasks/4","timestamp":"2025-11-28 10:03:33"}
{"level":"info","message":"Task updated: 4","timestamp":"2025-11-28 10:03:33"}
{"level":"info","message":"PUT /api/tasks/4","timestamp":"2025-11-28 10:03:35"}
{"level":"info","message":"Task updated: 4","timestamp":"2025-11-28 10:03:35"}
{"level":"info","message":"PUT /api/tasks/5","timestamp":"2025-11-28 10:03:37"}
{"level":"info","message":"Task updated: 5","timestamp":"2025-11-28 10:03:37"}
{"level":"info","message":"PUT /api/tasks/5","timestamp":"2025-11-28 10:03:46"}
{"level":"info","message":"Task updated: 5","timestamp":"2025-11-28 10:03:46"}
{"level":"info","message":"GET /api/folders","timestamp":"2025-11-28 10:44:30"}
{"level":"info","message":"GET /api/tasks","timestamp":"2025-11-28 10:44:30"}
{"level":"info","message":"POST /api/folders","timestamp":"2025-11-28 10:47:20"}
{"level":"info","message":"Folder created: 2","timestamp":"2025-11-28 10:47:20"}
{"level":"info","message":"GET /api/tasks","timestamp":"2025-11-28 10:47:24"}
{"level":"info","message":"GET /api/folders","timestamp":"2025-11-28 10:47:27"}
{"level":"info","message":"GET /api/tasks","timestamp":"2025-11-28 10:47:27"}
{"level":"info","message":"GET /api/folders","timestamp":"2025-11-28 10:48:13"}
{"level":"info","message":"GET /api/tasks","timestamp":"2025-11-28 10:48:13"}
{"level":"info","message":"GET /api/tasks","timestamp":"2025-11-28 10:49:37"}
{"level":"info","message":"GET /api/tasks","timestamp":"2025-11-28 10:49:47"}
{"level":"info","message":"GET /api/folders","timestamp":"2025-11-28 10:49:47"}
{"level":"info","message":"GET /api/folders","timestamp":"2025-11-28 10:58:36"}
{"level":"info","message":"GET /api/tasks","timestamp":"2025-11-28 10:58:36"}
{"level":"info","message":"GET /api/folders","timestamp":"2025-11-28 10:58:55"}
{"level":"info","message":"GET /api/tasks","timestamp":"2025-11-28 10:58:55"}
{"level":"info","message":"GET /api/tasks","timestamp":"2025-11-28 10:59:22"}
{"level":"info","message":"GET /api/folders","timestamp":"2025-11-28 10:59:24"}
{"level":"info","message":"POST /api/tasks","timestamp":"2025-11-28 10:59:34"}
{"level":"info","message":"Task created: 6","timestamp":"2025-11-28 10:59:34"}
{"level":"info","message":"GET /api/folders","timestamp":"2025-11-28 10:59:38"}
{"level":"info","message":"GET /api/tasks","timestamp":"2025-11-28 10:59:38"}
{"level":"info","message":"GET /api/tasks","timestamp":"2025-11-28 10:59:41"}
{"level":"info","message":"GET /api/folders","timestamp":"2025-11-28 11:01:39"}
{"level":"info","message":"GET /api/tasks","timestamp":"2025-11-28 11:01:39"}
{"level":"info","message":"GET /api/tasks","timestamp":"2025-11-28 11:01:40"}
{"level":"info","message":"GET /api/folders","timestamp":"2025-11-28 13:13:32"}
{"level":"info","message":"GET /api/tasks","timestamp":"2025-11-28 13:13:32"}
{"level":"info","message":"GET /api/tasks","timestamp":"2025-11-28 13:13:36"}
{"level":"info","message":"GET /api/folders","timestamp":"2025-11-28 13:13:37"}
{"level":"info","message":"POST /api/tasks","timestamp":"2025-11-28 13:13:46"}
{"level":"info","message":"Task created: 7","timestamp":"2025-11-28 13:13:46"}
{"level":"info","message":"GET /api/folders","timestamp":"2025-11-28 13:14:06"}
{"level":"info","message":"GET /api/tasks","timestamp":"2025-11-28 13:14:06"}
{"level":"info","message":"GET /api/tasks","timestamp":"2025-11-28 13:14:12"}
{"level":"info","message":"PUT /api/tasks/7","timestamp":"2025-11-28 13:14:15"}
{"level":"info","message":"Task updated: 7","timestamp":"2025-11-28 13:14:15"}
{"level":"info","message":"GET /api/folders","timestamp":"2025-11-28 13:14:17"}
{"level":"info","message":"GET /api/tasks","timestamp":"2025-11-28 13:14:17"}
{"level":"info","message":"GET /api/tasks","timestamp":"2025-11-28 13:14:20"}
{"level":"info","message":"GET /api/folders","timestamp":"2025-11-28 13:29:02"}
{"level":"info","message":"POST /api/tasks","timestamp":"2025-11-28 13:29:11"}
{"level":"info","message":"Task created: 8","timestamp":"2025-11-28 13:29:11"}
{"level":"info","message":"GET /api/folders","timestamp":"2025-11-28 13:29:15"}
{"level":"info","message":"GET /api/tasks","timestamp":"2025-11-28 13:29:15"}
{"level":"info","message":"GET /api/tasks","timestamp":"2025-11-28 13:29:16"}
{"level":"info","message":"PUT /api/tasks/8","timestamp":"2025-11-28 13:29:19"}
{"level":"info","message":"Task updated: 8","timestamp":"2025-11-28 13:29:19"}
{"level":"info","message":"GET /api/folders","timestamp":"2025-11-28 13:29:22"}
{"level":"info","message":"GET /api/tasks","timestamp":"2025-11-28 13:29:22"}
{"level":"info","message":"GET /api/tasks","timestamp":"2025-11-28 13:29:25"}
{"level":"info","message":"PUT /api/tasks/4","timestamp":"2025-11-28 13:30:33"}
{"level":"info","message":"Task updated: 4","timestamp":"2025-11-28 13:30:33"}
{"level":"info","message":"GET /api/folders","timestamp":"2025-11-28 13:30:38"}
{"level":"info","message":"GET /api/tasks","timestamp":"2025-11-28 13:30:38"}
{"level":"info","message":"GET /api/tasks","timestamp":"2025-11-28 13:30:40"}
{"level":"info","message":"GET /api/folders","timestamp":"2025-11-28 15:47:32"}
{"level":"info","message":"GET /api/tasks","timestamp":"2025-11-28 15:47:32"}
